<?xml version="1.0" encoding="UTF-8"?>
<!-- Generated by org.testng.reporters.JUnitReportReporter -->
<testsuite skipped="3" hostname="MSBCPC641" name="com.dddframework.test.RegistrationTest" tests="3" failures="0" timestamp="2021-10-01T12:25:12 IST" time="0.000" errors="0">
  <testcase name="ViewMenu" time="0.000" classname="com.dddframework.test.RegistrationTest">
    <skipped/>
  </testcase> <!-- ViewMenu -->
  <testcase name="TakeScreenshots" time="0.000" classname="com.dddframework.test.RegistrationTest">
    <skipped/>
  </testcase> <!-- TakeScreenshots -->
  <testcase name="DisplayHeaderOfPopup" time="0.000" classname="com.dddframework.test.RegistrationTest">
    <skipped/>
  </testcase> <!-- DisplayHeaderOfPopup -->
</testsuite> <!-- com.dddframework.test.RegistrationTest -->
