<?xml version="1.0" encoding="UTF-8"?>
<!-- Generated by org.testng.reporters.JUnitReportReporter -->
<testsuite skipped="0" hostname="MSBCPC641" name="com.dddframework.test.HomeTest" tests="1" failures="0" timestamp="2021-10-05T15:55:08 IST" time="0.105" errors="0">
  <testcase name="ViewMenu" time="0.105" classname="com.dddframework.test.HomeTest"/>
</testsuite> <!-- com.dddframework.test.HomeTest -->
